<?xml version="1.0" encoding="UTF-8"?>
<!-- Generated by org.testng.reporters.JUnitXMLReporter -->
<testsuite ignored="0" hostname="DESKTOP-IVGJ568" failures="0" tests="3" name="Default test" time="9.857" errors="0" timestamp="14 Jun 2022 05:39:44 GMT">
  <testcase classname="api.RegisterAPI" name="regisAPIFailedSameEmail" time="5.12"/>
  <testcase classname="api.RegisterAPI" name="regisAPIFailedSameUsername" time="2.06"/>
  <testcase classname="api.RegisterAPI" name="regisAPISuccess" time="2.628"/>
</testsuite> <!-- Default test -->
