<?xml version="1.0" encoding="UTF-8"?>
<!-- Generated by org.testng.reporters.JUnitXMLReporter -->
<testsuite ignored="0" hostname="DESKTOP-IVGJ568" failures="0" tests="3" name="Test" time="21.244" errors="0" timestamp="14 Jun 2022 04:20:14 GMT">
  <testcase classname="saucedemo.SaucedemoApplication" name="FinishOrder" time="4.448"/>
  <testcase classname="saucedemo.SaucedemoApplication" name="Login" time="0.378"/>
  <testcase classname="saucedemo.SaucedemoApplication" name="LoginFailed" time="0.353"/>
</testsuite> <!-- Test -->
