<?xml version="1.0" encoding="UTF-8"?>
<testng-results ignored="0" total="3" passed="3" failed="0" skipped="0">
  <reporter-output>
  </reporter-output>
  <suite started-at="2022-06-14T09:13:41 WIB" name="Suite" finished-at="2022-06-14T09:14:00 WIB" duration-ms="18685">
    <groups>
    </groups>
    <test started-at="2022-06-14T09:13:41 WIB" name="Test" finished-at="2022-06-14T09:14:00 WIB" duration-ms="18685">
      <class name="saucedemo.SaucedemoApplication">
        <test-method is-config="true" signature="openUrl()[pri:0, instance:saucedemo.SaucedemoApplication@3b6ddd1d]" started-at="2022-06-14T09:13:41 WIB" name="openUrl" finished-at="2022-06-14T09:13:45 WIB" duration-ms="3610" status="PASS">
          <reporter-output>
          </reporter-output>
        </test-method> <!-- openUrl -->
        <test-method signature="FinishOrder()[pri:0, instance:saucedemo.SaucedemoApplication@3b6ddd1d]" started-at="2022-06-14T09:13:45 WIB" name="FinishOrder" finished-at="2022-06-14T09:13:49 WIB" duration-ms="4206" status="PASS">
          <reporter-output>
          </reporter-output>
        </test-method> <!-- FinishOrder -->
        <test-method is-config="true" signature="close()[pri:0, instance:saucedemo.SaucedemoApplication@3b6ddd1d]" started-at="2022-06-14T09:13:49 WIB" name="close" finished-at="2022-06-14T09:13:50 WIB" duration-ms="756" status="PASS">
          <reporter-output>
          </reporter-output>
        </test-method> <!-- close -->
        <test-method is-config="true" signature="openUrl()[pri:0, instance:saucedemo.SaucedemoApplication@3b6ddd1d]" started-at="2022-06-14T09:13:50 WIB" name="openUrl" finished-at="2022-06-14T09:13:53 WIB" duration-ms="3185" status="PASS">
          <reporter-output>
          </reporter-output>
        </test-method> <!-- openUrl -->
        <test-method signature="Login()[pri:0, instance:saucedemo.SaucedemoApplication@3b6ddd1d]" started-at="2022-06-14T09:13:53 WIB" name="Login" finished-at="2022-06-14T09:13:53 WIB" duration-ms="414" status="PASS">
          <reporter-output>
          </reporter-output>
        </test-method> <!-- Login -->
        <test-method is-config="true" signature="close()[pri:0, instance:saucedemo.SaucedemoApplication@3b6ddd1d]" started-at="2022-06-14T09:13:53 WIB" name="close" finished-at="2022-06-14T09:13:54 WIB" duration-ms="651" status="PASS">
          <reporter-output>
          </reporter-output>
        </test-method> <!-- close -->
        <test-method is-config="true" signature="openUrl()[pri:0, instance:saucedemo.SaucedemoApplication@3b6ddd1d]" started-at="2022-06-14T09:13:54 WIB" name="openUrl" finished-at="2022-06-14T09:13:59 WIB" duration-ms="4760" status="PASS">
          <reporter-output>
          </reporter-output>
        </test-method> <!-- openUrl -->
        <test-method signature="LoginFailed()[pri:0, instance:saucedemo.SaucedemoApplication@3b6ddd1d]" started-at="2022-06-14T09:13:59 WIB" name="LoginFailed" finished-at="2022-06-14T09:13:59 WIB" duration-ms="364" status="PASS">
          <reporter-output>
          </reporter-output>
        </test-method> <!-- LoginFailed -->
        <test-method is-config="true" signature="close()[pri:0, instance:saucedemo.SaucedemoApplication@3b6ddd1d]" started-at="2022-06-14T09:13:59 WIB" name="close" finished-at="2022-06-14T09:14:00 WIB" duration-ms="684" status="PASS">
          <reporter-output>
          </reporter-output>
        </test-method> <!-- close -->
      </class> <!-- saucedemo.SaucedemoApplication -->
    </test> <!-- Test -->
  </suite> <!-- Suite -->
</testng-results>
