<?xml version="1.0" encoding="UTF-8"?>
<testng-results ignored="0" total="3" passed="3" failed="0" skipped="0">
  <reporter-output>
  </reporter-output>
  <suite started-at="2022-06-14T05:39:34Z" name="Default suite" finished-at="2022-06-14T05:39:44Z" duration-ms="9857">
    <groups>
    </groups>
    <test started-at="2022-06-14T05:39:34Z" name="Default test" finished-at="2022-06-14T05:39:44Z" duration-ms="9857">
      <class name="api.RegisterAPI">
        <test-method signature="regisAPIFailedSameEmail()[pri:0, instance:api.RegisterAPI@349d0836]" started-at="2022-06-14T05:39:34Z" name="regisAPIFailedSameEmail" finished-at="2022-06-14T05:39:39Z" duration-ms="5120" status="PASS">
          <reporter-output>
          </reporter-output>
        </test-method> <!-- regisAPIFailedSameEmail -->
        <test-method signature="regisAPIFailedSameUsername()[pri:0, instance:api.RegisterAPI@349d0836]" started-at="2022-06-14T05:39:39Z" name="regisAPIFailedSameUsername" finished-at="2022-06-14T05:39:41Z" duration-ms="2060" status="PASS">
          <reporter-output>
          </reporter-output>
        </test-method> <!-- regisAPIFailedSameUsername -->
        <test-method signature="regisAPISuccess()[pri:0, instance:api.RegisterAPI@349d0836]" started-at="2022-06-14T05:39:41Z" name="regisAPISuccess" finished-at="2022-06-14T05:39:44Z" duration-ms="2628" status="PASS">
          <reporter-output>
          </reporter-output>
        </test-method> <!-- regisAPISuccess -->
      </class> <!-- api.RegisterAPI -->
    </test> <!-- Default test -->
  </suite> <!-- Default suite -->
</testng-results>
