<?xml version="1.0" encoding="UTF-8"?>
<testng-results ignored="0" total="1" passed="1" failed="0" skipped="0">
  <reporter-output>
  </reporter-output>
  <suite started-at="2022-06-14T05:37:43Z" name="Default suite" finished-at="2022-06-14T05:38:01Z" duration-ms="17855">
    <groups>
    </groups>
    <test started-at="2022-06-14T05:37:43Z" name="Default test" finished-at="2022-06-14T05:38:01Z" duration-ms="17855">
      <class name="yopmail.YopmailApplication">
        <test-method is-config="true" signature="openUrl()[pri:0, instance:yopmail.YopmailApplication@79dc5318]" started-at="2022-06-14T05:37:43Z" name="openUrl" finished-at="2022-06-14T05:37:57Z" duration-ms="14431" status="PASS">
          <reporter-output>
          </reporter-output>
        </test-method> <!-- openUrl -->
        <test-method signature="OpenMail()[pri:0, instance:yopmail.YopmailApplication@79dc5318]" started-at="2022-06-14T05:37:57Z" name="OpenMail" finished-at="2022-06-14T05:38:00Z" duration-ms="2652" status="PASS">
          <reporter-output>
          </reporter-output>
        </test-method> <!-- OpenMail -->
        <test-method is-config="true" signature="close()[pri:0, instance:yopmail.YopmailApplication@79dc5318]" started-at="2022-06-14T05:38:00Z" name="close" finished-at="2022-06-14T05:38:01Z" duration-ms="738" status="PASS">
          <reporter-output>
          </reporter-output>
        </test-method> <!-- close -->
      </class> <!-- yopmail.YopmailApplication -->
    </test> <!-- Default test -->
  </suite> <!-- Default suite -->
</testng-results>
