<?xml version="1.0" encoding="UTF-8"?>
<!-- Generated by org.testng.reporters.JUnitXMLReporter -->
<testsuite ignored="0" hostname="DESKTOP-IVGJ568" failures="0" tests="3" name="Default test" time="35.156" errors="0" timestamp="2022-06-14T09:12:08 WIB">
  <testcase classname="saucedemo.SaucedemoApplication" name="FinishOrder" time="4.496"/>
  <testcase classname="saucedemo.SaucedemoApplication" name="Login" time="0.411"/>
  <testcase classname="saucedemo.SaucedemoApplication" name="LoginFailed" time="0.353"/>
</testsuite> <!-- Default test -->
