<?xml version="1.0" encoding="UTF-8"?>
<testsuite xmlns:xsi="http://www.w3.org/2001/XMLSchema-instance" xsi:schemaLocation="https://maven.apache.org/surefire/maven-surefire-plugin/xsd/surefire-test-report.xsd" name="TestSuite" time="26.012" tests="3" errors="0" skipped="0" failures="0">
  <properties>
[...]
</properties>
  <testcase name="FinishOrder" classname="saucedemo.SaucedemoApplication" time="4.448"/>
  <testcase name="Login" classname="saucedemo.SaucedemoApplication" time="0.379"/>
  <testcase name="LoginFailed" classname="saucedemo.SaucedemoApplication" time="0.355"/>
</testsuite>