<?xml version="1.0" encoding="UTF-8"?>
<testng-results ignored="0" total="1" passed="1" failed="0" skipped="0">
  <reporter-output>
  </reporter-output>
  <suite started-at="2022-06-14T04:47:54Z" name="Suite" finished-at="2022-06-14T04:48:06Z" duration-ms="11625">
    <groups>
    </groups>
    <test started-at="2022-06-14T04:47:54Z" name="Test" finished-at="2022-06-14T04:48:06Z" duration-ms="11625">
      <class name="yopmail.YopmailApplication">
        <test-method is-config="true" signature="openUrl()[pri:0, instance:yopmail.YopmailApplication@2b72cb8a]" started-at="2022-06-14T04:47:54Z" name="openUrl" finished-at="2022-06-14T04:48:03Z" duration-ms="8863" status="PASS">
          <reporter-output>
          </reporter-output>
        </test-method> <!-- openUrl -->
        <test-method signature="OpenMail()[pri:0, instance:yopmail.YopmailApplication@2b72cb8a]" started-at="2022-06-14T04:48:03Z" name="OpenMail" finished-at="2022-06-14T04:48:05Z" duration-ms="2037" status="PASS">
          <reporter-output>
          </reporter-output>
        </test-method> <!-- OpenMail -->
        <test-method is-config="true" signature="close()[pri:0, instance:yopmail.YopmailApplication@2b72cb8a]" started-at="2022-06-14T04:48:05Z" name="close" finished-at="2022-06-14T04:48:06Z" duration-ms="704" status="PASS">
          <reporter-output>
          </reporter-output>
        </test-method> <!-- close -->
      </class> <!-- yopmail.YopmailApplication -->
    </test> <!-- Test -->
  </suite> <!-- Suite -->
</testng-results>
