<?xml version="1.0" encoding="UTF-8"?>
<!-- Generated by org.testng.reporters.JUnitXMLReporter -->
<testsuite ignored="0" hostname="DESKTOP-IVGJ568" failures="0" tests="3" name="Test" time="18.685" errors="0" timestamp="2022-06-14T09:14:00 WIB">
  <testcase classname="saucedemo.SaucedemoApplication" name="FinishOrder" time="4.206"/>
  <testcase classname="saucedemo.SaucedemoApplication" name="Login" time="0.414"/>
  <testcase classname="saucedemo.SaucedemoApplication" name="LoginFailed" time="0.364"/>
</testsuite> <!-- Test -->
